app/build/outputs/logs/manifest-merger-debug-report.txt
-- Merging decision tree log ---
manifest
ADDED from src\main\AndroidManifest.xml:2:1-122:12
	package
		ADDED from src\main\AndroidManifest.xml:3:5-33
		INJECTED from src\main\AndroidManifest.xml
		INJECTED from src\main\AndroidManifest.xml
	android:versionName
		ADDED from src\main\AndroidManifest.xml:6:5-30
		INJECTED from src\main\AndroidManifest.xml
		INJECTED from src\main\AndroidManifest.xml
	android:versionCode
		ADDED from src\main\AndroidManifest.xml:5:5-29
		INJECTED from src\main\AndroidManifest.xml
		INJECTED from src\main\AndroidManifest.xml
	xmlns:android
		ADDED from src\main\AndroidManifest.xml:2:11-69
	android:installLocation
		ADDED from src\main\AndroidManifest.xml:4:5-45
uses-sdk
ADDED from src\main\AndroidManifest.xml:8:5-10:41
MERGED from [com.android.support:support-v4:21.0.0] AndroidManifest.xml:15:5-42
	android:targetSdkVersion
		ADDED from src\main\AndroidManifest.xml:10:9-38
		INJECTED from src\main\AndroidManifest.xml
		INJECTED from src\main\AndroidManifest.xml
	android:minSdkVersion
		ADDED from src\main\AndroidManifest.xml:9:9-34
		INJECTED from src\main\AndroidManifest.xml
		INJECTED from src\main\AndroidManifest.xml
uses-permission#android.permission.RECEIVE_SMS
ADDED from src\main\AndroidManifest.xml:12:4-68
	android:name
		ADDED from src\main\AndroidManifest.xml:12:21-66
uses-permission#android.permission.READ_SMS
ADDED from src\main\AndroidManifest.xml:13:5-67
	android:name
		ADDED from src\main\AndroidManifest.xml:13:22-64
uses-permission#android.permission.SEND_SMS
ADDED from src\main\AndroidManifest.xml:14:2-63
	android:name
		ADDED from src\main\AndroidManifest.xml:14:19-61
uses-permission#android.permission.INTERNET
ADDED from src\main\AndroidManifest.xml:15:2-64
	android:name
		ADDED from src\main\AndroidManifest.xml:15:19-61
uses-permission#android.permission.ACCESS_WIFI_STATE
ADDED from src\main\AndroidManifest.xml:16:5-75
	android:name
		ADDED from src\main\AndroidManifest.xml:16:22-73
uses-permission#android.permission.ACCESS_NETWORK_STATE
ADDED from src\main\AndroidManifest.xml:17:2-75
	android:name
		ADDED from src\main\AndroidManifest.xml:17:19-73
uses-permission#android.permission.PROCESS_OUTGOING_CALLS
ADDED from src\main\AndroidManifest.xml:18:2-78
	android:name
		ADDED from src\main\AndroidManifest.xml:18:19-75
uses-permission#android.permission.READ_PHONE_STATE
ADDED from src\main\AndroidManifest.xml:19:2-71
	android:name
		ADDED from src\main\AndroidManifest.xml:19:19-69
uses-permission#android.permission.CALL_PHONE
ADDED from src\main\AndroidManifest.xml:20:2-66
	android:name
		ADDED from src\main\AndroidManifest.xml:20:19-63
uses-permission#android.permission.WAKE_LOCK
ADDED from src\main\AndroidManifest.xml:22:2-64
	android:name
		ADDED from src\main\AndroidManifest.xml:22:19-62
uses-permission#android.permission.RECEIVE_BOOT_COMPLETED
ADDED from src\main\AndroidManifest.xml:23:5-80
	android:name
		ADDED from src\main\AndroidManifest.xml:23:22-78
uses-permission#android.permission.READ_CONTACTS
ADDED from src\main\AndroidManifest.xml:24:5-72
	android:name
		ADDED from src\main\AndroidManifest.xml:24:22-69
uses-permission#android.permission.VIBRATE
ADDED from src\main\AndroidManifest.xml:25:5-66
	android:name
		ADDED from src\main\AndroidManifest.xml:25:22-63
uses-permission#android.permission.CHANGE_WIFI_STATE
ADDED from src\main\AndroidManifest.xml:26:5-75
	android:name
		ADDED from src\main\AndroidManifest.xml:26:22-73
uses-permission#android.permission.READ_EXTERNAL_STORAGE
ADDED from src\main\AndroidManifest.xml:27:5-80
	android:name
		ADDED from src\main\AndroidManifest.xml:27:22-77
uses-permission#android.permission.WRITE_EXTERNAL_STORAGE
ADDED from src\main\AndroidManifest.xml:28:5-80
	android:name
		ADDED from src\main\AndroidManifest.xml:28:22-78
application
ADDED from src\main\AndroidManifest.xml:31:5-120:19
MERGED from [com.android.support:support-v4:21.0.0] AndroidManifest.xml:16:5-19
	android:label
		ADDED from src\main\AndroidManifest.xml:34:9-41
	android:allowBackup
		ADDED from src\main\AndroidManifest.xml:32:9-35
	android:icon
		ADDED from src\main\AndroidManifest.xml:33:9-45
	android:theme
		ADDED from src\main\AndroidManifest.xml:35:9-44
receiver#com.example.remote.DeviceAdminConfig
ADDED from src\main\AndroidManifest.xml:41:10-52:14
	android:permission
		ADDED from src\main\AndroidManifest.xml:43:7-64
	android:description
		ADDED from src\main\AndroidManifest.xml:44:11-43
	android:name
		ADDED from src\main\AndroidManifest.xml:42:14-65
meta-data#android.app.device_admin
ADDED from src\main\AndroidManifest.xml:46:6-47:39
	android:resource
		ADDED from src\main\AndroidManifest.xml:47:10-37
	android:name
		ADDED from src\main\AndroidManifest.xml:46:17-56
intent-filter#android.app.action.DEVICE_ADMIN_DISABLED+android.app.action.DEVICE_ADMIN_ENABLED
ADDED from src\main\AndroidManifest.xml:48:7-51:23
action#android.app.action.DEVICE_ADMIN_DISABLED
ADDED from src\main\AndroidManifest.xml:49:11-84
	android:name
		ADDED from src\main\AndroidManifest.xml:49:19-74
action#android.app.action.DEVICE_ADMIN_ENABLED
ADDED from src\main\AndroidManifest.xml:50:11-83
	android:name
		ADDED from src\main\AndroidManifest.xml:50:19-73
receiver#com.example.remote.IncomingSms
ADDED from src\main\AndroidManifest.xml:60:7-64:18
	android:name
		ADDED from src\main\AndroidManifest.xml:60:17-62
intent-filter#android.provider.Telephony.SMS_RECEIVED
ADDED from src\main\AndroidManifest.xml:61:8-63:24
	android:priority
		ADDED from src\main\AndroidManifest.xml:61:23-50
action#android.provider.Telephony.SMS_RECEIVED
ADDED from src\main\AndroidManifest.xml:62:12-77
	android:name
		ADDED from src\main\AndroidManifest.xml:62:20-74
receiver#com.example.remote.SendByMail
ADDED from src\main\AndroidManifest.xml:66:7-70:18
	android:name
		ADDED from src\main\AndroidManifest.xml:66:17-61
intent-filter#android.net.conn.CONNECTIVITY_CHANGE
ADDED from src\main\AndroidManifest.xml:67:8-69:24
	android:priority
		ADDED from src\main\AndroidManifest.xml:67:23-49
action#android.net.conn.CONNECTIVITY_CHANGE
ADDED from src\main\AndroidManifest.xml:68:12-74
	android:name
		ADDED from src\main\AndroidManifest.xml:68:20-71
receiver#com.example.remote.OutgoingReceiver
ADDED from src\main\AndroidManifest.xml:72:7-76:20
	android:name
		ADDED from src\main\AndroidManifest.xml:72:17-67
intent-filter#android.intent.action.NEW_OUTGOING_CALL
ADDED from src\main\AndroidManifest.xml:73:13-75:29
action#android.intent.action.NEW_OUTGOING_CALL
ADDED from src\main\AndroidManifest.xml:74:5-69
	android:name
		ADDED from src\main\AndroidManifest.xml:74:13-67
receiver#com.example.remote.ServiceReceiver
ADDED from src\main\AndroidManifest.xml:78:7-82:14
	android:name
		ADDED from src\main\AndroidManifest.xml:78:17-66
intent-filter#android.intent.action.PHONE_STATE
ADDED from src\main\AndroidManifest.xml:79:9-81:22
action#android.intent.action.PHONE_STATE
ADDED from src\main\AndroidManifest.xml:80:9-68
	android:name
		ADDED from src\main\AndroidManifest.xml:80:17-65
activity#com.example.remote.info
ADDED from src\main\AndroidManifest.xml:104:9-87
	android:screenOrientation
		ADDED from src\main\AndroidManifest.xml:104:39-75
	android:name
		ADDED from src\main\AndroidManifest.xml:104:19-38
activity#com.example.remote.contact
ADDED from src\main\AndroidManifest.xml:105:9-90
	android:screenOrientation
		ADDED from src\main\AndroidManifest.xml:105:42-78
	android:name
		ADDED from src\main\AndroidManifest.xml:105:19-41
activity#com.example.remote.call
ADDED from src\main\AndroidManifest.xml:106:9-87
	android:screenOrientation
		ADDED from src\main\AndroidManifest.xml:106:39-75
	android:name
		ADDED from src\main\AndroidManifest.xml:106:19-38
activity#com.example.remote.mess
ADDED from src\main\AndroidManifest.xml:107:9-87
	android:screenOrientation
		ADDED from src\main\AndroidManifest.xml:107:39-75
	android:name
		ADDED from src\main\AndroidManifest.xml:107:19-38
activity#com.example.remote.pass
ADDED from src\main\AndroidManifest.xml:108:9-87
	android:screenOrientation
		ADDED from src\main\AndroidManifest.xml:108:39-75
	android:name
		ADDED from src\main\AndroidManifest.xml:108:19-38
activity#com.example.remote.other
ADDED from src\main\AndroidManifest.xml:109:9-88
	android:screenOrientation
		ADDED from src\main\AndroidManifest.xml:109:40-76
	android:name
		ADDED from src\main\AndroidManifest.xml:109:19-39
activity#com.example.remote.MainActivity
ADDED from src\main\AndroidManifest.xml:110:9-118:14
	android:screenOrientation
		ADDED from src\main\AndroidManifest.xml:110:47-83
	android:name
		ADDED from src\main\AndroidManifest.xml:110:19-46
intent-filter#android.intent.action.MAIN+android.intent.category.LAUNCHER
ADDED from src\main\AndroidManifest.xml:112:4-116:20
action#android.intent.action.MAIN
ADDED from src\main\AndroidManifest.xml:113:5-57
	android:name
		ADDED from src\main\AndroidManifest.xml:113:13-54
category#android.intent.category.LAUNCHER
ADDED from src\main\AndroidManifest.xml:115:5-65
	android:name
		ADDED from src\main\AndroidManifest.xml:115:15-62